<?xml version="1.0" encoding="UTF-8"?>
<!-- Generated by org.testng.reporters.JUnitXMLReporter -->
<testsuite ignored="8" hostname="LAPTOP-F0F7LJDR" failures="1" tests="1" name="Test" time="0.868" errors="0" timestamp="2024-09-11T12:18:04 IST">
  <testcase classname="automation_core.Base_Class" name="@AfterMethod closeBrowser" time="0.004">
    <failure type="java.lang.NullPointerException" message="Cannot invoke &amp;quot;org.openqa.selenium.TakesScreenshot.getScreenshotAs(org.openqa.selenium.OutputType)&amp;quot; because &amp;quot;takescreenshot&amp;quot; is null">
      <![CDATA[java.lang.NullPointerException: Cannot invoke "org.openqa.selenium.TakesScreenshot.getScreenshotAs(org.openqa.selenium.OutputType)" because "takescreenshot" is null
at automation_core.Base_Class.takeScreenshot(Base_Class.java:83)
at automation_core.Base_Class.closeBrowser(Base_Class.java:76)
at java.base/java.util.ArrayList.forEach(ArrayList.java:1511)
... Removed 32 stack frames]]>
    </failure>
  </testcase> <!-- @AfterMethod closeBrowser -->
  <testcase classname="testscript.LoginPageTest" name="verify_Login_With_Valid_Credentials" time="0.774">
    <failure type="java.lang.NullPointerException" message="Cannot invoke &amp;quot;org.openqa.selenium.SearchContext.findElement(org.openqa.selenium.By)&amp;quot; because &amp;quot;this.searchContext&amp;quot; is null">
      <![CDATA[java.lang.NullPointerException: Cannot invoke "org.openqa.selenium.SearchContext.findElement(org.openqa.selenium.By)" because "this.searchContext" is null
at org.openqa.selenium.support.pagefactory.DefaultElementLocator.findElement(DefaultElementLocator.java:68)
at org.openqa.selenium.support.pagefactory.internal.LocatingElementHandler.invoke(LocatingElementHandler.java:38)
at jdk.proxy2/jdk.proxy2.$Proxy11.sendKeys(Unknown Source)
at pageobject.LoginPage.enter_Username(LoginPage.java:29)
at testscript.LoginPageTest.verify_Login_With_Valid_Credentials(LoginPageTest.java:28)
at java.base/java.util.ArrayList.forEach(ArrayList.java:1511)
... Removed 27 stack frames]]>
    </failure>
  </testcase> <!-- verify_Login_With_Valid_Credentials -->
  <testcase classname="testscript.AddUserPageTest" name="verify_userLogin_withNewly_Added_user" time="0.0">
    <ignored/>
  </testcase> <!-- verify_userLogin_withNewly_Added_user -->
  <testcase classname="testscript.ResetPageTest" name="verify_errorMsg_withInvalid_emailAddress" time="0.0">
    <ignored/>
  </testcase> <!-- verify_errorMsg_withInvalid_emailAddress -->
  <testcase classname="testscript.UserActionsPageTest" name="verify_ViewUser_Page" time="0.0">
    <ignored/>
  </testcase> <!-- verify_ViewUser_Page -->
  <testcase classname="testscript.ResetPageTest" name="verify_paswrdReset_withValid_emailAddress" time="0.0">
    <ignored/>
  </testcase> <!-- verify_paswrdReset_withValid_emailAddress -->
  <testcase classname="testscript.LoginPageTest" name="verify_errorMessage_whileLogin_withInvalid_credentials" time="0.0">
    <ignored/>
  </testcase> <!-- verify_errorMessage_whileLogin_withInvalid_credentials -->
  <testcase classname="testscript.UserActionsPageTest" name="verify_UserEdit_Action" time="0.0">
    <ignored/>
  </testcase> <!-- verify_UserEdit_Action -->
  <testcase classname="testscript.AddUserPageTest" name="verify_add_user" time="0.0">
    <ignored/>
  </testcase> <!-- verify_add_user -->
  <testcase classname="testscript.HomePageTest" name="verify_userLogin_date" time="0.0">
    <ignored/>
  </testcase> <!-- verify_userLogin_date -->
</testsuite> <!-- Test -->
